<?xml version="1.0" encoding="UTF-8"?>
<Site BuildName="(empty)"
	BuildStamp="20240731-1705-Experimental"
	Name="jeff-virtual-machine"
	Generator="ctest-3.22.1"
	CompilerName="/usr/bin/c++"
	CompilerVersion="11.4.0"
	OSName="Linux"
	Hostname="jeff-virtual-machine"
	OSRelease="6.5.0-44-generic"
	OSVersion="#44~22.04.1-Ubuntu SMP PREEMPT_DYNAMIC Tue Jun 18 14:36:16 UTC 2"
	OSPlatform="x86_64"
	Is64Bits="1"
	VendorString="AuthenticAMD"
	VendorID="Advanced Micro Devices"
	FamilyID="23"
	ModelID="96"
	ProcessorCacheSize="512"
	NumberOfLogicalCPU="4"
	NumberOfPhysicalCPU="4"
	TotalVirtualMemory="2047"
	TotalPhysicalMemory="5942"
	LogicalProcessorsPerPhysical="1"
	ProcessorClockFrequency="3293.82"
	>
	<Testing>
		<StartDateTime>Aug 01 01:05 CST</StartDateTime>
		<StartTestTime>1722445551</StartTestTime>
		<TestList/>
		<EndDateTime>Aug 01 01:05 CST</EndDateTime>
		<EndTestTime>1722445551</EndTestTime>
		<ElapsedMinutes>0</ElapsedMinutes>
	</Testing>
</Site>
